# JRE version: Java(TM) SE Runtime Environment 18.9 (11.0.16+11) (build 11.0.16+11-LTS-199)
# Java VM: Java HotSpot(TM) 64-Bit Server VM 18.9 (11.0.16+11-LTS-199, mixed mode, tiered, compressed oops, g1 gc, windows-amd64)
Heap:
 garbage-first heap   total 260096K, used 66167K [0x0000000702600000, 0x0000000800000000)
  region size 1024K, 60 young (61440K), 3 survivors (3072K)
 Metaspace       used 29386K, capacity 30148K, committed 30336K, reserved 1075200K
  class space    used 3346K, capacity 3644K, committed 3712K, reserved 1048576K
GC Heap History (6 events):
Event: 2.331 GC heap before
{Heap before GC invocations=0 (full 0):
 garbage-first heap   total 260096K, used 25600K [0x0000000702600000, 0x0000000800000000)
  region size 1024K, 24 young (24576K), 0 survivors (0K)
 Metaspace       used 12134K, capacity 12372K, committed 12544K, reserved 1060864K
  class space    used 1192K, capacity 1276K, committed 1280K, reserved 1048576K
}
Event: 2.394 GC heap after
{Heap after GC invocations=1 (full 0):
 garbage-first heap   total 260096K, used 7043K [0x0000000702600000, 0x0000000800000000)
  region size 1024K, 3 young (3072K), 3 survivors (3072K)
 Metaspace       used 12134K, capacity 12372K, committed 12544K, reserved 1060864K
  class space    used 1192K, capacity 1276K, committed 1280K, reserved 1048576K
}
Event: 3.893 GC heap before
{Heap before GC invocations=1 (full 0):
 garbage-first heap   total 260096K, used 50051K [0x0000000702600000, 0x0000000800000000)
  region size 1024K, 46 young (47104K), 3 survivors (3072K)
 Metaspace       used 20657K, capacity 21148K, committed 21248K, reserved 1069056K
  class space    used 2244K, capacity 2476K, committed 2560K, reserved 1048576K
}
Event: 3.900 GC heap after
{Heap after GC invocations=2 (full 0):
 garbage-first heap   total 260096K, used 8838K [0x0000000702600000, 0x0000000800000000)
  region size 1024K, 5 young (5120K), 5 survivors (5120K)
 Metaspace       used 20657K, capacity 21148K, committed 21248K, reserved 1069056K
  class space    used 2244K, capacity 2476K, committed 2560K, reserved 1048576K
}
Event: 4.532 GC heap before
{Heap before GC invocations=3 (full 0):
 garbage-first heap   total 260096K, used 39558K [0x0000000702600000, 0x0000000800000000)
  region size 1024K, 35 young (35840K), 5 survivors (5120K)
 Metaspace       used 24626K, capacity 25234K, committed 25344K, reserved 1071104K
  class space    used 2749K, capacity 2988K, committed 3072K, reserved 1048576K
}
Event: 4.539 GC heap after
{Heap after GC invocations=4 (full 0):
 garbage-first heap   total 260096K, used 9847K [0x0000000702600000, 0x0000000800000000)
  region size 1024K, 3 young (3072K), 3 survivors (3072K)
 Metaspace       used 24626K, capacity 25234K, committed 25344K, reserved 1071104K
  class space    used 2749K, capacity 2988K, committed 3072K, reserved 1048576K
}

